        ***************************************************************
        **                                                           **
        **                  FLUTTER SUMMARY                          **
        **                                                           **
        ***************************************************************




PARAMETERS USED FOR AEROELASTIC ANALYSIS

AEROELASTIC BASE SIZE:                        4
REDUCED FREQUENCIES NUMBER:                   21


REDUCED FREQUENCY LIST:

0.00000  
0.05000  
0.10001  
0.15001  
0.20001  
0.25002  
0.30002  
0.35002  
0.40003  
0.45003  
0.50003  
0.55004  
0.60004  
0.65005  
0.70005  
0.75005  
0.80006  
0.85006  
0.90006  
0.95007  
1.00007  


REFERENCE CHORD:                          2.315000e-01
REFERENCE DENSITY:                             2.069489e-02
STRUCTURAL DAMPING:                            0


                    FREQUENCY SWEEP

DELTA V:                                       1
MAXIMUM VELOCITY:                              250
MAXIMUM DELTA V:                               10
MINIMUM DELTA V:                               0.1
CONVERGENCE CRITERION (%):                     1e-06 
ERROR CRITERION FOR STEP INCREASING (%):       0.0001 
MAXIMUM NUMBER OF ITERATIONS FOR FIRST STEP:   10 
MAXIMUM NUMBER OF ITERATIONS DURING SWEEP:     12 




MODE NUMBER: 1   OMEGA: 9.599195e+00

Reduced Frequency   Velocity         Damping        Frequency       Real(Eig)      Imag(Eig) 

  13.9554      1.00000e+00    -0.00758253   9.59427   -0.0363744   60.2826
  6.97452      2.00000e+00    -0.0149688   9.58989   -0.0717746   60.255
  3.48466      4.00000e+00    -0.0291456   9.58273   -0.139647   60.2101
  2.32189      6.00000e+00    -0.0425178   9.57774   -0.203612   60.1787
  1.7409      8.00000e+00    -0.0550751   9.57489   -0.263669   60.1608
  1.39262      1.00000e+01    -0.0668096   9.57418   -0.319824   60.1563
  1.16069      1.20000e+01    -0.0777157   9.57561   -0.372088   60.1653
  0.995245      1.40000e+01    -0.0877902   9.57916   -0.420478   60.1876
  0.871297      1.60000e+01    -0.0976995   9.58419   -0.468185   60.2192
  0.697927      2.00000e+01    -0.1185   9.59642   -0.568589   60.2961
  0.582525      2.40000e+01    -0.140216   9.61159   -0.67385   60.3914
  0.500233      2.80000e+01    -0.162325   9.62941   -0.781548   60.5034
  0.438639      3.20000e+01    -0.184507   9.64999   -0.890244   60.6326
  0.390847      3.60000e+01    -0.206716   9.67339   -0.999821   60.7797
  0.352717      4.00000e+01    -0.228936   9.69964   -1.1103   60.9446
  0.321614      4.40000e+01    -0.251138   9.72876   -1.22163   61.1276
  0.295784      4.80000e+01    -0.273289   9.76079   -1.33376   61.3288
  0.27401      5.20000e+01    -0.295362   9.79577   -1.44665   61.5486
  0.255424      5.60000e+01    -0.317343   9.83375   -1.56033   61.7873
  0.239391      6.00000e+01    -0.339218   9.87479   -1.67485   62.0451
  0.225432      6.40000e+01    -0.360981   9.91895   -1.79027   62.3226
  0.213184      6.80000e+01    -0.382627   9.96629   -1.90668   62.62
  0.202363      7.20000e+01    -0.404151   10.0169   -2.02417   62.9379
  0.192744      7.60000e+01    -0.425549   10.0708   -2.14281   63.2767
  0.184149      8.00000e+01    -0.446816   10.1281   -2.26271   63.6369
  0.176434      8.40000e+01    -0.467947   10.189   -2.38395   64.0191
  0.169478      8.80000e+01    -0.488938   10.2534   -2.50663   64.4238
  0.163186      9.20000e+01    -0.509782   10.3215   -2.63085   64.8516
  0.157476      9.60000e+01    -0.530474   10.3933   -2.7567   65.3033
  0.15228      1.00000e+02    -0.551007   10.4692   -2.88429   65.7796
  0.14754      1.04000e+02    -0.571375   10.549   -3.01372   66.2814
  0.143208      1.08000e+02    -0.591568   10.6331   -3.14509   66.8096
  0.139241      1.12000e+02    -0.611579   10.7215   -3.27852   67.3652
  0.135606      1.16000e+02    -0.631397   10.8145   -3.41411   67.9492
  0.132269      1.20000e+02    -0.651014   10.9121   -3.55197   68.5629
  0.129206      1.24000e+02    -0.670416   11.0147   -3.69223   69.2076
  0.126393      1.28000e+02    -0.689593   11.1225   -3.835   69.8848
  0.12381      1.32000e+02    -0.70853   11.2357   -3.98041   70.596
  0.121441      1.36000e+02    -0.727212   11.3546   -4.1286   71.343
  0.119269      1.40000e+02    -0.745621   11.4795   -4.27968   72.1279
  0.117282      1.44000e+02    -0.763737   11.6108   -4.4338   72.9527
  0.115468      1.48000e+02    -0.781538   11.7488   -4.59108   73.82
  0.11382      1.52000e+02    -0.798997   11.894   -4.75166   74.7325
  0.112327      1.56000e+02    -0.816084   12.047   -4.91566   75.6933
  0.110984      1.60000e+02    -0.832761   12.2081   -5.08322   76.7059
  0.109785      1.64000e+02    -0.848985   12.3782   -5.25444   77.7742
  0.108726      1.68000e+02    -0.864705   12.5578   -5.4294   78.903
  0.107805      1.72000e+02    -0.879858   12.7479   -5.60816   80.0973
  0.107021      1.76000e+02    -0.894364   12.9494   -5.79074   81.3635
  0.106373      1.80000e+02    -0.90813   13.1635   -5.97708   82.7087
  0.105863      1.84000e+02    -0.921032   13.3915   -6.16701   84.1413
  0.105495      1.88000e+02    -0.932915   13.6351   -6.36019   85.6718
  0.105275      1.92000e+02    -0.943576   13.8962   -6.55607   87.3124
  0.105213      1.96000e+02    -0.952743   14.1773   -6.75366   89.0786
  0.105321      2.00000e+02    -0.960042   14.4815   -6.95141   90.9898
  0.105617      2.04000e+02    -0.964943   14.8127   -7.14668   93.0707
  0.106128      2.08000e+02    -0.966663   15.1761   -7.33509   95.3543
  0.10689      2.12000e+02    -0.963984   15.579   -7.50897   97.886
  0.107959      2.16000e+02    -0.954874   16.0317   -7.65414   100.73
  0.109421      2.20000e+02    -0.935619   16.5498   -7.74216   103.985
  0.111423      2.24000e+02    -0.898443   17.159   -7.70817   107.813
  0.11423      2.28000e+02    -0.823287   17.9054   -7.37065   112.503
  0.118318      2.32000e+02    -0.63762   18.8716   -6.01644   118.573
  0.122588      2.36000e+02    -0.0828461   19.8897   -0.823891   124.971
  0.122627      2.40000e+02    0.634859   20.2333   6.42265   127.13
  0.120899      2.44000e+02    1.20995   20.2807   12.2693   127.427
  0.11874      2.48000e+02    1.69268   20.245   17.1341   127.203
  0.117604      2.50000e+02    1.91162   20.2129   19.3197   127.002


MODE NUMBER: 2   OMEGA: 3.816439e+01

Reduced Frequency   Velocity         Damping        Frequency       Real(Eig)      Imag(Eig) 

  55.5057      1.00000e+00    -0.00322809   38.1598   -0.0615917   239.765
  27.7494      2.00000e+00    -0.00645417   38.1551   -0.12313   239.735
  13.871      4.00000e+00    -0.0129008   38.1449   -0.246049   239.671
  6.93131      8.00000e+00    -0.0257749   38.1219   -0.491294   239.527
  3.46051      1.60000e+01    -0.0514735   38.0653   -0.979678   239.172
  2.30273      2.40000e+01    -0.0771564   37.9947   -1.46577   238.728
  1.72319      3.20000e+01    -0.102885   37.9098   -1.95017   238.194
  1.37494      4.00000e+01    -0.12872   37.8105   -2.43348   237.57
  1.14233      4.80000e+01    -0.154723   37.6966   -2.91626   236.855
  0.975796      5.60000e+01    -0.18096   37.5678   -3.39913   236.046
  0.850433      6.40000e+01    -0.208097   37.4187   -3.89337   235.109
  0.752504      7.20000e+01    -0.236674   37.2487   -4.4079   234.04
  0.673744      8.00000e+01    -0.267898   37.0556   -4.96357   232.827
  0.608855      8.80000e+01    -0.301341   36.8354   -5.55002   231.444
  0.554355      9.60000e+01    -0.336295   36.5872   -6.15205   229.884
  0.507845      1.04000e+02    -0.372667   36.3106   -6.76588   228.146
  0.467598      1.12000e+02    -0.410665   36.0047   -7.39294   226.224
  0.432341      1.20000e+02    -0.450489   35.6679   -8.034   224.108
  0.401115      1.28000e+02    -0.492295   35.2978   -8.68847   221.783
  0.373182      1.36000e+02    -0.536225   34.8922   -9.35503   219.234
  0.347964      1.44000e+02    -0.582463   34.4482   -10.0324   216.444
  0.325001      1.52000e+02    -0.631252   33.9623   -10.7194   213.391
  0.303915      1.60000e+02    -0.682907   33.4304   -11.4149   210.049
  0.284392      1.68000e+02    -0.737855   32.847   -12.1182   206.384
  0.266162      1.76000e+02    -0.796637   32.2053   -12.828   202.352
  0.248983      1.84000e+02    -0.860037   31.4961   -13.5439   197.896
  0.232627      1.92000e+02    -0.929256   30.7066   -14.2671   192.935
  0.216861      2.00000e+02    -1.00621   29.8182   -15.0017   187.353
  0.20141      2.08000e+02    -1.09449   28.8014   -15.7614   180.964
  0.185886      2.16000e+02    -1.202   27.6039   -16.59   173.44
  0.169575      2.24000e+02    -1.35203   26.1144   -17.6537   164.081
  0.1505      2.32000e+02    -1.67919   24.0045   -20.1541   150.825
  0.133497      2.40000e+02    -3.01894   22.0268   -33.2488   138.399
  0.126467      2.48000e+02    -4.17371   21.5625   -44.9979   135.481
  0.124989      2.50000e+02    -4.4143   21.4822   -47.4146   134.977


MODE NUMBER: 3   OMEGA: 4.834641e+01

Reduced Frequency   Velocity         Damping        Frequency       Real(Eig)      Imag(Eig) 

  70.3173      1.00000e+00    -0.00172396   48.3428   -0.0416705   303.747
  35.1561      2.00000e+00    -0.00344426   48.3392   -0.0832463   303.724
  17.5755      4.00000e+00    -0.00687368   48.3321   -0.16611   303.68
  8.78529      8.00000e+00    -0.0136864   48.3187   -0.330654   303.595
  4.39043      1.60000e+01    -0.0271154   48.2943   -0.65476   303.442
  2.70035      2.60000e+01    -0.0434988   48.2684   -1.04981   303.279
  1.94942      3.60000e+01    -0.0593846   48.2477   -1.43258   303.149
  1.52515      4.60000e+01    -0.0747201   48.2323   -1.80196   303.053
  1.25254      5.60000e+01    -0.0894548   48.2224   -2.15686   302.99
  1.06267      6.60000e+01    -0.103542   48.2181   -2.49629   302.963
  0.922857      7.60000e+01    -0.116949   48.2189   -2.81958   302.968
  0.815597      8.60000e+01    -0.129679   48.2218   -3.12667   302.986
  0.730726      9.60000e+01    -0.141949   48.2275   -3.42293   303.023
  0.661902      1.06000e+02    -0.153988   48.2357   -3.71386   303.074
  0.604967      1.16000e+02    -0.165756   48.2458   -3.99852   303.137
  0.557091      1.26000e+02    -0.17715   48.2576   -4.27442   303.212
  0.516278      1.36000e+02    -0.188113   48.2716   -4.54026   303.299
  0.481079      1.46000e+02    -0.198645   48.2879   -4.79607   303.402
  0.450417      1.56000e+02    -0.208774   48.3069   -5.04261   303.521
  0.423474      1.66000e+02    -0.218542   48.3286   -5.28092   303.658
  0.399617      1.76000e+02    -0.227992   48.3532   -5.51207   303.812
  0.378348      1.86000e+02    -0.237163   48.3808   -5.73708   303.985
  0.359271      1.96000e+02    -0.246092   48.4114   -5.95684   304.178
  0.342068      2.06000e+02    -0.254812   48.445   -6.17219   304.389
  0.326479      2.16000e+02    -0.263353   48.4818   -6.38391   304.62
  0.31229      2.26000e+02    -0.271741   48.5217   -6.59268   304.871
  0.299323      2.36000e+02    -0.280004   48.5648   -6.79915   305.141
  0.287429      2.46000e+02    -0.288163   48.611   -7.00395   305.432
  0.282943      2.50000e+02    -0.291403   48.6304   -7.08553   305.554


MODE NUMBER: 4   OMEGA: 9.154462e+01

Reduced Frequency   Velocity         Damping        Frequency       Real(Eig)      Imag(Eig) 

  133.154      1.00000e+00    -0.000789736   91.5427   -0.0361473   575.18
  66.5757      2.00000e+00    -0.00157885   91.5408   -0.0722647   575.168
  33.2864      4.00000e+00    -0.00315524   91.5368   -0.14441   575.143
  16.6416      8.00000e+00    -0.0063007   91.5283   -0.288346   575.089
  8.31908      1.60000e+01    -0.0125629   91.5091   -0.57481   574.969
  5.11787      2.60000e+01    -0.0203383   91.4812   -0.930286   574.793
  3.69494      3.60000e+01    -0.0280572   91.449   -1.2829   574.591
  2.89053      4.60000e+01    -0.0357212   91.4123   -1.63268   574.36
  2.3733      5.60000e+01    -0.0433313   91.3712   -1.97962   574.102
  2.0127      6.60000e+01    -0.0508882   91.3257   -2.3237   573.816
  1.74692      7.60000e+01    -0.0583921   91.2757   -2.66489   573.502
  1.54287      8.60000e+01    -0.0658431   91.2213   -3.00315   573.161
  1.38126      9.60000e+01    -0.0732404   91.1625   -3.33839   572.791
  1.25008      1.06000e+02    -0.0805832   91.0992   -3.67053   572.393
  1.14147      1.16000e+02    -0.0878701   91.0314   -3.99947   571.967
  1.05004      1.26000e+02    -0.0950993   90.9591   -4.32507   571.513
  0.972011      1.36000e+02    -0.102262   90.8823   -4.64691   571.03
  0.904629      1.46000e+02    -0.109134   90.8014   -4.95475   570.522
  0.845855      1.56000e+02    -0.115715   90.7172   -5.24865   569.993
  0.794134      1.66000e+02    -0.122201   90.6298   -5.53754   569.444
  0.748259      1.76000e+02    -0.128707   90.5385   -5.82646   568.87
  0.707281      1.86000e+02    -0.135259   90.4429   -6.11659   568.269
  0.670449      1.96000e+02    -0.141837   90.3423   -6.40696   567.637
  0.637157      2.06000e+02    -0.148417   90.2367   -6.69631   566.974
  0.606914      2.16000e+02    -0.154981   90.126   -6.9839   566.278
  0.579315      2.26000e+02    -0.161529   90.0103   -7.26965   565.552
  0.554024      2.36000e+02    -0.168071   89.8896   -7.55391   564.793
  0.530759      2.46000e+02    -0.174618   89.7638   -7.83718   564.003
  0.521965      2.50000e+02    -0.177241   89.7121   -7.95031   563.677
