        ***************************************************************
        **                                                           **
        **                  FLUTTER SUMMARY                          **
        **                                                           **
        ***************************************************************




PARAMETERS USED FOR AEROELASTIC ANALYSIS

AEROELASTIC BASE SIZE:                        4
REDUCED FREQUENCIES NUMBER:                   6


REDUCED FREQUENCY LIST:

0.00010  
0.10000  
0.20000  
0.50000  
0.80000  
1.00000  


REFERENCE CHORD:                          2.194500e+00
REFERENCE DENSITY:                             8.500000e-01
STRUCTURAL DAMPING:                            0


                    FREQUENCY SWEEP

DELTA V:                                       12.6274
MAXIMUM VELOCITY:                              631.37
MAXIMUM DELTA V:                               10
MINIMUM DELTA V:                               0.01
CONVERGENCE CRITERION (%):                     0.001 
ERROR CRITERION FOR STEP INCREASING (%):       0.001 
MAXIMUM NUMBER OF ITERATIONS FOR FIRST STEP:   100 
MAXIMUM NUMBER OF ITERATIONS DURING SWEEP:     101 




MODE NUMBER: 2, OMEGA: 6.059766.

Reduced Frequency   Velocity            Damping             Frequency           Real(Eig)           Imag(Eig)           Damp_Vder           Freq_Vder

6.600807            12.627400           -0.048709           6.044989            -0.147223           37.981788           -0.000304           -0.000992           
3.678435            22.627400           -0.086593           6.036459            -0.261357           37.928189           -0.000299           -0.000715           
2.548586            32.627400           -0.123964           6.030680            -0.373793           37.891877           -0.000296           -0.000442           
1.949719            42.627400           -0.160918           6.027614            -0.484975           37.872614           -0.000293           -0.000172           
1.579142            52.627400           -0.197558           6.027230            -0.595365           37.870204           -0.000291           0.000095            
1.327494            62.627400           -0.234000           6.029505            -0.705453           37.884496           -0.000290           0.000360            
1.145646            72.627400           -0.270372           6.034420            -0.815770           37.915377           -0.000290           0.000623            
1.008253            82.627400           -0.306820           6.041963            -0.926898           37.962770           -0.000291           0.000885            
0.900896            92.627400           -0.343581           6.051996            -1.039676           38.025812           -0.000295           0.001107            
0.814707            102.627400          -0.381164           6.063859            -1.155663           38.100350           -0.000304           0.001256            
0.743980            112.627400          -0.419961           6.077010            -1.276054           38.182981           -0.000314           0.001374            
0.684923            122.627400          -0.460069           6.091351            -1.401222           38.273086           -0.000324           0.001495            
0.634899            132.627400          -0.501538           6.106925            -1.531428           38.370940           -0.000336           0.001620            
0.592013            142.627400          -0.544470           6.123773            -1.667106           38.476802           -0.000348           0.001750            
0.554866            152.627400          -0.589012           6.141938            -1.808837           38.590932           -0.000361           0.001884            
0.522403            162.627400          -0.635354           6.161462            -1.957355           38.713605           -0.000377           0.002022            
0.493813            172.627400          -0.683730           6.182395            -2.113545           38.845133           -0.000394           0.002166            
0.468464            182.627400          -0.734429           6.204791            -2.278488           38.985849           -0.000414           0.002314            
0.445857            192.627400          -0.787805           6.228705            -2.453502           39.136105           -0.000436           0.002470            
0.425588            202.627400          -0.844269           6.254209            -2.640119           39.296353           -0.000463           0.002633            
0.407336            212.627400          -0.904295           6.281398            -2.840118           39.467190           -0.000493           0.002807            
0.390835            222.627400          -0.968427           6.310400            -3.055581           39.649412           -0.000528           0.002996            
0.375871            232.627400          -1.037295           6.341385            -3.288943           39.844098           -0.000569           0.003205            
0.362266            242.627400          -1.111618           6.374589            -3.543054           40.052723           -0.000615           0.003441            
0.349877            252.627400          -1.192210           6.410336            -3.821233           40.277329           -0.000669           0.003716            
0.338589            262.627400          -1.279962           6.449081            -4.127291           40.520770           -0.000729           0.004044            
0.328313            272.627400          -1.375798           6.491460            -4.465470           40.787043           -0.000797           0.004447            
0.318985            282.627400          -1.480556           6.538354            -4.840201           41.081693           -0.000871           0.004953            
0.310562            292.627400          -1.594766           6.590956            -5.255517           41.412201           -0.000947           0.005594            
0.303026            302.627400          -1.718280           6.650780            -5.713953           41.788086           -0.001017           0.006400            
0.296366            312.627400          -1.849811           6.719555            -6.214955           42.220208           -0.001072           0.007382            
0.290572            322.627400          -1.986619           6.798912            -6.753425           42.718826           -0.001100           0.008507            
0.285610            332.627400          -2.124750           6.889941            -7.319703           43.290776           -0.001093           0.009701            
0.281416            342.627400          -2.259960           6.992858            -7.901789           43.937424           -0.001054           0.010871            
0.277900            352.627400          -2.388816           7.107057            -8.488726           44.654954           -0.000994           0.011950            
0.274967            362.627400          -2.509320           7.231458            -9.073022           45.436590           -0.000923           0.012911            
0.272526            372.627400          -2.620861           7.364903            -9.651195           46.275051           -0.000852           0.013762            
0.270502            382.627400          -2.723827           7.506397            -10.223064          47.164081           -0.000788           0.014525            
0.268838            392.627400          -2.819195           7.655190            -10.790736          48.098976           -0.000732           0.015226            
0.267489            402.627400          -2.908249           7.810771            -11.357832          49.076519           -0.000687           0.015885            
0.266421            412.627400          -2.992433           7.972812            -11.929051          50.094654           -0.000655           0.016520            
0.265608            422.627400          -3.073293           8.141108            -12.510004          51.152090           -0.000635           0.017137            
0.265027            432.627400          -3.152475           8.315499            -13.107201          52.247821           -0.000628           0.017738            
0.264655            442.627400          -3.231740           8.495775            -13.728067          53.380530           -0.000636           0.018311            
0.264467            452.627400          -3.312963           8.681550            -14.380828          54.547785           -0.000659           0.018832            
0.264429            462.627400          -3.398069           8.872086            -15.073982          55.744961           -0.000698           0.019255            
0.264495            472.627400          -3.488826           9.066108            -15.815037          56.964038           -0.000748           0.019517            
0.264602            482.627400          -3.586466           9.261675            -16.608340          58.192820           -0.000806           0.019554            
0.264678            492.627400          -3.691198           9.456289            -17.452519          59.415614           -0.000860           0.019325            
0.264653            502.627400          -3.801916           9.647343            -18.339193          60.616042           -0.000900           0.018851            
0.264478            512.627400          -3.916396           9.832755            -19.254482          61.781022           -0.000919           0.018213            
0.264130            522.627400          -4.031972           10.011402           -20.182845          62.903491           -0.000917           0.017514            
0.263617            532.627400          -4.146234           10.183119           -21.110796          63.982426           -0.000899           0.016838            
0.262958            542.627400          -4.257413           10.348405           -22.028715          65.020944           -0.000869           0.016233            
0.262184            552.627400          -4.364419           10.508065           -22.930800          66.024118           -0.000833           0.015714            
0.261320            562.627400          -4.466704           10.662971           -23.814166          66.997425           -0.000794           0.015281            
0.260392            572.627400          -4.564083           10.813933           -24.677843          67.945946           -0.000755           0.014923            
0.259418            582.627400          -4.656597           10.961648           -25.521989          68.874063           -0.000717           0.014629            
0.258416            592.627400          -4.744414           11.106695           -26.347382          69.785422           -0.000681           0.014388            
0.257396            602.627400          -4.827764           11.249550           -27.155088          70.683005           -0.000646           0.014189            
0.256369            612.627400          -4.906904           11.390597           -27.946283          71.569234           -0.000614           0.014025            
0.255342            622.627400          -4.982094           11.530151           -28.722149          72.446076           -0.000583           0.013890            
0.254448            631.370000          -5.044794           11.651135           -29.388787          73.206237           -0.000558           0.013790            


MODE NUMBER: 3, OMEGA: 6.243306.

Reduced Frequency   Velocity            Damping             Frequency           Real(Eig)           Imag(Eig)           Damp_Vder           Freq_Vder

6.817278            12.627400           -0.000185           6.243232            -0.000577           39.227383           -0.000001           -0.000006           
3.804403            22.627400           -0.000302           6.243178            -0.000943           39.227046           -0.000001           -0.000005           
2.638367            32.627400           -0.000403           6.243129            -0.001258           39.226735           -0.000001           -0.000005           
2.019416            42.627400           -0.000493           6.243083            -0.001538           39.226445           -0.000001           -0.000004           
1.635685            52.627400           -0.000574           6.243039            -0.001790           39.226170           -0.000001           -0.000004           
1.374498            62.627400           -0.000647           6.242996            -0.002020           39.225903           -0.000001           -0.000004           
1.185237            72.627400           -0.000714           6.242954            -0.002229           39.225640           -0.000001           -0.000004           
1.041786            82.627400           -0.000773           6.242913            -0.002414           39.225377           -0.000000           -0.000004           
0.929309            92.627400           -0.000823           6.242871            -0.002570           39.225114           -0.000000           -0.000004           
0.838752            102.627400          -0.000859           6.242828            -0.002680           39.224847           -0.000000           -0.000004           
0.764275            112.627400          -0.000873           6.242786            -0.002726           39.224584           -0.000000           -0.000004           
0.701946            122.627400          -0.000866           6.242747            -0.002704           39.224336           0.000000            -0.000004           
0.649016            132.627400          -0.000839           6.242712            -0.002620           39.224119           0.000000            -0.000003           
0.603509            142.627400          -0.000796           6.242685            -0.002485           39.223944           0.000000            -0.000002           
0.563966            152.627400          -0.000740           6.242665            -0.002310           39.223822           0.000000            -0.000002           
0.529287            162.627400          -0.000676           6.242655            -0.002110           39.223756           0.000001            -0.000001           
0.498626            172.627400          -0.000608           6.242654            -0.001897           39.223749           0.000001            0.000000            
0.471324            182.627400          -0.000539           6.242661            -0.001682           39.223799           0.000001            0.000001            
0.446857            192.627400          -0.000473           6.242678            -0.001476           39.223900           0.000001            0.000002            
0.424805            202.627400          -0.000412           6.242701            -0.001285           39.224048           0.000000            0.000003            
0.404828            212.627400          -0.000357           6.242731            -0.001113           39.224235           0.000000            0.000003            
0.386646            222.627400          -0.000309           6.242766            -0.000964           39.224455           0.000000            0.000004            
0.370028            232.627400          -0.000269           6.242805            -0.000839           39.224702           0.000000            0.000004            
0.354779            242.627400          -0.000236           6.242848            -0.000737           39.224970           0.000000            0.000004            
0.340738            252.627400          -0.000211           6.242893            -0.000658           39.225256           0.000000            0.000005            
0.327767            262.627400          -0.000192           6.242941            -0.000600           39.225556           0.000000            0.000005            
0.315747            272.627400          -0.000180           6.242991            -0.000561           39.225868           0.000000            0.000005            
0.304577            282.627400          -0.000173           6.243042            -0.000541           39.226188           0.000000            0.000005            
0.294171            292.627400          -0.000172           6.243094            -0.000537           39.226517           -0.000000           0.000005            
0.284453            302.627400          -0.000176           6.243148            -0.000549           39.226853           -0.000000           0.000005            
0.275357            312.627400          -0.000184           6.243202            -0.000575           39.227197           -0.000000           0.000006            
0.266824            322.627400          -0.000197           6.243258            -0.000614           39.227546           -0.000000           0.000006            
0.258805            332.627400          -0.000213           6.243315            -0.000666           39.227903           -0.000000           0.000006            
0.251254            342.627400          -0.000234           6.243372            -0.000731           39.228266           -0.000000           0.000006            
0.244131            352.627400          -0.000259           6.243431            -0.000808           39.228637           -0.000000           0.000006            
0.237401            362.627400          -0.000288           6.243492            -0.000898           39.229015           -0.000000           0.000006            
0.231032            372.627400          -0.000321           6.243553            -0.001001           39.229401           -0.000000           0.000006            
0.224996            382.627400          -0.000358           6.243616            -0.001118           39.229794           -0.000000           0.000006            
0.219268            392.627400          -0.000400           6.243680            -0.001250           39.230196           -0.000000           0.000006            
0.213824            402.627400          -0.000448           6.243745            -0.001398           39.230607           -0.000000           0.000007            
0.208645            412.627400          -0.000501           6.243812            -0.001564           39.231026           -0.000000           0.000007            
0.203710            422.627400          -0.000560           6.243880            -0.001749           39.231454           -0.000001           0.000007            
0.199004            432.627400          -0.000627           6.243949            -0.001957           39.231890           -0.000001           0.000007            
0.194510            442.627400          -0.000701           6.244020            -0.002189           39.232333           -0.000001           0.000007            
0.190215            452.627400          -0.000784           6.244091            -0.002448           39.232782           -0.000001           0.000007            
0.186105            462.627400          -0.000877           6.244164            -0.002737           39.233237           -0.000001           0.000007            
0.182170            472.627400          -0.000980           6.244236            -0.003060           39.233694           -0.000001           0.000007            
0.178397            482.627400          -0.001095           6.244309            -0.003420           39.234151           -0.000001           0.000007            
0.174778            492.627400          -0.001224           6.244381            -0.003822           39.234604           -0.000001           0.000007            
0.171302            502.627400          -0.001367           6.244452            -0.004268           39.235048           -0.000001           0.000007            
0.167963            512.627400          -0.001525           6.244520            -0.004762           39.235478           -0.000001           0.000007            
0.164751            522.627400          -0.001700           6.244585            -0.005308           39.235885           -0.000001           0.000006            
0.161659            532.627400          -0.001892           6.244645            -0.005907           39.236260           -0.000002           0.000006            
0.158681            542.627400          -0.002101           6.244698            -0.006561           39.236594           -0.000002           0.000005            
0.155811            552.627400          -0.002327           6.244742            -0.007267           39.236873           -0.000002           0.000004            
0.153042            562.627400          -0.002569           6.244776            -0.008022           39.237086           -0.000002           0.000003            
0.150370            572.627400          -0.002824           6.244797            -0.008818           39.237217           -0.000002           0.000001            
0.147789            582.627400          -0.003089           6.244803            -0.009644           39.237255           -0.000002           -0.000000           
0.145295            592.627400          -0.003358           6.244792            -0.010485           39.237187           -0.000002           -0.000002           
0.142884            602.627400          -0.003626           6.244763            -0.011321           39.237005           -0.000002           -0.000004           
0.140550            612.627400          -0.003885           6.244716            -0.012129           39.236706           -0.000002           -0.000006           
0.138291            622.627400          -0.004127           6.244650            -0.012885           39.236292           -0.000002           -0.000007           
0.136375            631.370000          -0.004319           6.244578            -0.013485           39.235843           -0.000002           -0.000009           


MODE NUMBER: 4, OMEGA: 11.139124.

Reduced Frequency   Velocity            Damping             Frequency           Real(Eig)           Imag(Eig)           Damp_Vder           Freq_Vder

12.143075           12.627400           -0.040356           11.120573           -0.224389           69.872619           -0.000252           -0.001376           
6.768596            22.627400           -0.071798           11.107538           -0.398748           69.790720           -0.000248           -0.001231           
4.689180            32.627400           -0.102796           11.095935           -0.570308           69.717816           -0.000245           -0.001090           
3.585842            42.627400           -0.133360           11.085737           -0.739199           69.653738           -0.000242           -0.000950           
2.902168            52.627400           -0.163499           11.076919           -0.905534           69.598335           -0.000238           -0.000813           
2.437123            62.627400           -0.193218           11.069460           -1.069412           69.551470           -0.000235           -0.000679           
2.100396            72.627400           -0.222522           11.063341           -1.230921           69.513021           -0.000232           -0.000546           
1.845395            82.627400           -0.251413           11.058544           -1.390131           69.482882           -0.000228           -0.000414           
1.645648            92.627400           -0.279890           11.055055           -1.547101           69.460958           -0.000225           -0.000284           
1.485001            102.627400          -0.307952           11.052860           -1.701873           69.447166           -0.000222           -0.000155           
1.353039            112.627400          -0.335592           11.051948           -1.854473           69.441436           -0.000218           -0.000027           
1.242742            122.627400          -0.362804           11.052310           -2.004913           69.443711           -0.000215           0.000100            
1.149210            132.627400          -0.389578           11.053938           -2.153188           69.453941           -0.000211           0.000226            
1.068915            142.627400          -0.415902           11.056827           -2.299277           69.472092           -0.000208           0.000352            
0.999255            152.627400          -0.441758           11.060972           -2.443139           69.498135           -0.000204           0.000477            
0.938265            162.627400          -0.467153           11.066337           -2.584838           69.531845           -0.000200           0.000593            
0.884427            172.627400          -0.492171           11.072769           -2.724848           69.572257           -0.000198           0.000691            
0.836553            182.627400          -0.516899           11.080108           -2.863648           69.618370           -0.000196           0.000774            
0.793705            192.627400          -0.541409           11.088213           -3.001631           69.669297           -0.000194           0.000845            
0.755129            202.627400          -0.565755           11.096963           -3.139083           69.724273           -0.000193           0.000904            
0.720218            212.627400          -0.589957           11.106260           -3.276109           69.782691           -0.000192           0.000954            
0.688472            222.627400          -0.614023           11.116019           -3.412746           69.844005           -0.000191           0.000996            
0.659477            232.627400          -0.637954           11.126156           -3.548987           69.907700           -0.000190           0.001030            
0.632890            242.627400          -0.661744           11.136593           -3.684785           69.973275           -0.000189           0.001056            
0.608419            252.627400          -0.685381           11.147250           -3.820057           70.040237           -0.000187           0.001074            
0.585819            262.627400          -0.708848           11.158049           -3.954678           70.108088           -0.000186           0.001084            
0.564881            272.627400          -0.732119           11.168908           -4.088487           70.176318           -0.000184           0.001086            
0.545422            282.627400          -0.755165           11.179743           -4.221277           70.244399           -0.000182           0.001079            
0.527289            292.627400          -0.777947           11.190467           -4.352798           70.311778           -0.000180           0.001064            
0.510344            302.627400          -0.800419           11.200986           -4.482742           70.377868           -0.000177           0.001038            
0.494471            312.627400          -0.822524           11.211199           -4.610743           70.442044           -0.000174           0.001003            
0.479563            322.627400          -0.844189           11.221004           -4.736326           70.503645           -0.000170           0.000956            
0.465531            332.627400          -0.865318           11.230287           -4.858887           70.561972           -0.000166           0.000898            
0.452291            342.627400          -0.885801           11.238929           -4.977727           70.616272           -0.000160           0.000828            
0.439773            352.627400          -0.905507           11.246801           -5.092031           70.665737           -0.000153           0.000744            
0.427910            362.627400          -0.924285           11.253766           -5.200843           70.709500           -0.000145           0.000646            
0.416645            372.627400          -0.941951           11.259677           -5.303030           70.746639           -0.000136           0.000533            
0.405926            382.627400          -0.958285           11.264380           -5.397240           70.776184           -0.000124           0.000404            
0.395704            392.627400          -0.973020           11.267714           -5.481854           70.797136           -0.000110           0.000260            
0.385938            402.627400          -0.985830           11.269522           -5.554917           70.808497           -0.000093           0.000099            
0.376589            412.627400          -0.996317           11.269655           -5.614076           70.809329           -0.000073           -0.000075           
0.367624            422.627400          -1.003994           11.267986           -5.656495           70.798846           -0.000048           -0.000260           
0.359014            432.627400          -1.008268           11.264440           -5.678790           70.776561           -0.000019           -0.000449           
0.350734            442.627400          -1.008433           11.259020           -5.676986           70.742510           0.000017            -0.000632           
0.342767            452.627400          -1.003665           11.251868           -5.646552           70.697572           0.000060            -0.000793           
0.335103            462.627400          -0.993051           11.243324           -5.582595           70.643890           0.000110            -0.000906           
0.327741            472.627400          -0.975663           11.234005           -5.480303           70.585335           0.000168            -0.000942           
0.320689            482.627400          -0.950700           11.224859           -5.335738           70.527870           0.000230            -0.000866           
0.313964            492.627400          -0.917687           11.217165           -5.146926           70.479528           0.000295            -0.000648           
0.307587            502.627400          -0.876696           11.212420           -4.914944           70.449711           0.000356            -0.000276           
0.301579            512.627400          -0.828468           11.212110           -4.644440           70.447763           0.000409            0.000234            
0.295949            522.627400          -0.774353           11.217443           -4.343131           70.481273           0.000450            0.000844            
0.290696            532.627400          -0.716060           11.229155           -4.020376           70.554863           0.000476            0.001502            
0.285804            542.627400          -0.655346           11.247471           -3.685494           70.669945           0.000488            0.002158            
0.281249            552.627400          -0.593764           11.272200           -3.346515           70.825320           0.000490            0.002780            
0.277003            562.627400          -0.532545           11.302888           -3.009646           71.018139           0.000483            0.003348            
0.273034            572.627400          -0.472582           11.338959           -2.679295           71.244783           0.000470            0.003856            
0.269314            582.627400          -0.414485           11.379814           -2.358380           71.501479           0.000454            0.004305            
0.265819            592.627400          -0.358642           11.424881           -2.048718           71.784645           0.000435            0.004700            
0.262523            602.627400          -0.305284           11.473648           -1.751360           72.091055           0.000414            0.005046            
0.259409            612.627400          -0.254538           11.525663           -1.466858           72.417879           0.000393            0.005351            
0.256458            622.627400          -0.206461           11.580539           -1.195467           72.762669           0.000372            0.005619            
0.253999            631.370000          -0.166587           11.630564           -0.968751           73.076989           0.000353            0.005828            


MODE NUMBER: 5, OMEGA: 13.660952.

Reduced Frequency   Velocity            Damping             Frequency           Real(Eig)           Imag(Eig)           Damp_Vder           Freq_Vder

14.915579           12.627400           -0.002410           13.659620           -0.016460           85.825921           -0.000015           -0.000103           
8.323145            22.627400           -0.004246           13.658615           -0.028994           85.819608           -0.000014           -0.000098           
5.771771            32.627400           -0.006023           13.657654           -0.041127           85.813570           -0.000014           -0.000094           
4.417469            42.627400           -0.007747           13.656737           -0.052897           85.807807           -0.000014           -0.000090           
3.577855            52.627400           -0.009423           13.655863           -0.064339           85.802316           -0.000013           -0.000085           
3.006379            62.627400           -0.011056           13.655032           -0.075483           85.797094           -0.000013           -0.000081           
2.592284            72.627400           -0.012650           13.654243           -0.086360           85.792137           -0.000013           -0.000077           
2.278427            82.627400           -0.014208           13.653495           -0.096995           85.787441           -0.000012           -0.000073           
2.032345            92.627400           -0.015735           13.652789           -0.107411           85.783003           -0.000012           -0.000069           
1.834224            102.627400          -0.017233           13.652123           -0.117633           85.778819           -0.000012           -0.000065           
1.671289            112.627400          -0.018705           13.651497           -0.127678           85.774885           -0.000012           -0.000061           
1.534933            122.627400          -0.020155           13.650910           -0.137566           85.771197           -0.000011           -0.000057           
1.419144            132.627400          -0.021584           13.650362           -0.147314           85.767753           -0.000011           -0.000053           
1.319594            142.627400          -0.022995           13.649852           -0.156937           85.764550           -0.000011           -0.000049           
1.233093            152.627400          -0.024389           13.649380           -0.166449           85.761585           -0.000011           -0.000045           
1.157233            162.627400          -0.025769           13.648946           -0.175862           85.758858           -0.000011           -0.000042           
1.090165            172.627400          -0.027137           13.648550           -0.185189           85.756368           -0.000011           -0.000038           
1.030445            182.627400          -0.028493           13.648191           -0.194439           85.754115           -0.000011           -0.000034           
0.976927            192.627400          -0.029839           13.647870           -0.203621           85.752099           -0.000011           -0.000030           
0.928695            202.627400          -0.031177           13.647584           -0.212742           85.750296           -0.000011           -0.000027           
0.885001            212.627400          -0.032505           13.647323           -0.221801           85.748659           -0.000011           -0.000025           
0.845233            222.627400          -0.033823           13.647082           -0.230794           85.747142           -0.000010           -0.000023           
0.808886            232.627400          -0.035131           13.646853           -0.239715           85.745707           -0.000010           -0.000022           
0.775534            242.627400          -0.036427           13.646632           -0.248555           85.744318           -0.000010           -0.000022           
0.744824            252.627400          -0.037710           13.646414           -0.257306           85.742945           -0.000010           -0.000022           
0.716452            262.627400          -0.038979           13.646194           -0.265955           85.741566           -0.000010           -0.000022           
0.690161            272.627400          -0.040230           13.645970           -0.274487           85.740160           -0.000010           -0.000023           
0.665730            282.627400          -0.041461           13.645740           -0.282883           85.738712           -0.000010           -0.000023           
0.642969            292.627400          -0.042669           13.645500           -0.291120           85.737206           -0.000010           -0.000024           
0.621711            302.627400          -0.043850           13.645250           -0.299170           85.735632           -0.000009           -0.000026           
0.601813            312.627400          -0.044999           13.644987           -0.307005           85.733983           -0.000009           -0.000027           
0.583148            322.627400          -0.046112           13.644712           -0.314590           85.732252           -0.000009           -0.000028           
0.565604            332.627400          -0.047182           13.644423           -0.321888           85.730441           -0.000008           -0.000029           
0.549084            342.627400          -0.048205           13.644122           -0.328860           85.728550           -0.000008           -0.000031           
0.533501            352.627400          -0.049174           13.643810           -0.335461           85.726586           -0.000007           -0.000032           
0.518776            362.627400          -0.050082           13.643488           -0.341644           85.724560           -0.000007           -0.000033           
0.504842            372.627400          -0.050921           13.643158           -0.347361           85.722487           -0.000006           -0.000033           
0.491636            382.627400          -0.051684           13.642823           -0.352557           85.720387           -0.000006           -0.000034           
0.479103            392.627400          -0.052362           13.642489           -0.357174           85.718288           -0.000005           -0.000033           
0.467192            402.627400          -0.052946           13.642161           -0.361151           85.716224           -0.000004           -0.000032           
0.455859            412.627400          -0.053427           13.641844           -0.364424           85.714236           -0.000003           -0.000031           
0.445063            422.627400          -0.053796           13.641547           -0.366928           85.712370           -0.000002           -0.000028           
0.434767            432.627400          -0.054041           13.641278           -0.368595           85.710679           -0.000001           -0.000025           
0.424937            442.627400          -0.054154           13.641046           -0.369357           85.709222           -0.000000           -0.000021           
0.415543            452.627400          -0.054123           13.640862           -0.369144           85.708063           0.000001            -0.000016           
0.406557            462.627400          -0.053939           13.640736           -0.367884           85.707275           0.000002            -0.000009           
0.397954            472.627400          -0.053590           13.640682           -0.365503           85.706935           0.000003            -0.000001           
0.389709            482.627400          -0.053066           13.640713           -0.361928           85.707127           0.000005            0.000008            
0.381802            492.627400          -0.052354           13.640843           -0.357079           85.707944           0.000006            0.000018            
0.374213            502.627400          -0.051444           13.641088           -0.350878           85.709483           0.000008            0.000031            
0.366923            512.627400          -0.050323           13.641464           -0.343241           85.711848           0.000010            0.000045            
0.359916            522.627400          -0.048978           13.641990           -0.334080           85.715149           0.000012            0.000061            
0.353176            532.627400          -0.047396           13.642683           -0.323303           85.719503           0.000014            0.000078            
0.346690            542.627400          -0.045561           13.643563           -0.310810           85.725033           0.000016            0.000098            
0.340444            552.627400          -0.043459           13.644650           -0.296494           85.731867           0.000018            0.000120            
0.334425            562.627400          -0.041072           13.645968           -0.280235           85.740143           0.000020            0.000144            
0.328623            572.627400          -0.038381           13.647537           -0.261904           85.750001           0.000023            0.000170            
0.323026            582.627400          -0.035364           13.649381           -0.241351           85.761591           0.000025            0.000199            
0.317625            592.627400          -0.031998           13.651527           -0.218412           85.775071           0.000028            0.000230            
0.312411            602.627400          -0.028255           13.653999           -0.192897           85.790604           0.000031            0.000264            
0.307375            612.627400          -0.024104           13.656825           -0.164589           85.808365           0.000035            0.000301            
0.302510            622.627400          -0.019508           13.660036           -0.133238           85.828538           0.000038            0.000341            
0.298389            631.370000          -0.015093           13.663182           -0.103110           85.848303           0.000042            0.000379            



                    FINAL RESULTS

FLUTTER NOT FOUND
DIVERGENCE NOT FOUND